<?xml version="1.0" encoding="UTF-8"?>
<testng-results skipped="0" failed="0" ignored="0" total="2" passed="2">
  <reporter-output>
  </reporter-output>
  <suite name="Suite" duration-ms="37298" started-at="2022-09-28T21:26:13 PDT" finished-at="2022-09-28T21:26:50 PDT">
    <groups>
    </groups>
    <test name="Automation" duration-ms="37298" started-at="2022-09-28T21:26:13 PDT" finished-at="2022-09-28T21:26:50 PDT">
      <class name="com.clearcapital.automation.Automation">
        <test-method status="PASS" signature="IkeaCCDemo()[pri:0, instance:com.clearcapital.automation.Automation@ff5b51f]" name="IkeaCCDemo" duration-ms="35578" started-at="2022-09-28T21:26:13 PDT" finished-at="2022-09-28T21:26:48 PDT">
          <reporter-output>
          </reporter-output>
        </test-method> <!-- IkeaCCDemo -->
        <test-method status="PASS" signature="testAPI()[pri:0, instance:com.clearcapital.automation.Automation@ff5b51f]" name="testAPI" duration-ms="1695" started-at="2022-09-28T21:26:48 PDT" finished-at="2022-09-28T21:26:50 PDT">
          <reporter-output>
          </reporter-output>
        </test-method> <!-- testAPI -->
      </class> <!-- com.clearcapital.automation.Automation -->
    </test> <!-- Automation -->
  </suite> <!-- Suite -->
</testng-results>
